<?xml version="1.0" encoding="UTF-8"?>
<!-- Generated by org.testng.reporters.JUnitReportReporter -->
<testsuite hostname="DESKTOP-UBRALUS" failures="0" tests="1" name="testCases.TC_002_LoginTest" time="15.962" errors="0" timestamp="2024-05-21T18:24:38 IST" skipped="0">
  <testcase classname="testCases.TC_002_LoginTest" name="verify_login" time="15.962"/>
</testsuite> <!-- testCases.TC_002_LoginTest -->
